<?xml version="1.0" encoding="UTF-8"?>
<testng-results ignored="7" total="18" passed="8" failed="3" skipped="0">
  <reporter-output>
  </reporter-output>
  <suite started-at="2023-03-05T23:09:19 IST" name="Suite" finished-at="2023-03-05T23:11:40 IST" duration-ms="141660">
    <groups>
    </groups>
    <test started-at="2023-03-05T23:09:19 IST" name="Test" finished-at="2023-03-05T23:11:40 IST" duration-ms="141660">
      <class name="com.demoshopqa.tests.AddToCartTest">
        <test-method is-config="true" signature="setup()[pri:0, instance:com.demoshopqa.tests.AddToCartTest@54a7079e]" started-at="2023-03-05T23:11:11 IST" name="setup" finished-at="2023-03-05T23:11:15 IST" duration-ms="3944" status="PASS">
          <reporter-output>
          </reporter-output>
        </test-method> <!-- setup -->
        <test-method signature="VerifyAddtocart()[pri:0, instance:com.demoshopqa.tests.AddToCartTest@54a7079e]" started-at="2023-03-05T23:11:15 IST" name="VerifyAddtocart" finished-at="2023-03-05T23:11:27 IST" duration-ms="11716" status="PASS">
          <reporter-output>
          </reporter-output>
        </test-method> <!-- VerifyAddtocart -->
        <test-method is-config="true" signature="teardonw()[pri:0, instance:com.demoshopqa.tests.AddToCartTest@54a7079e]" started-at="2023-03-05T23:11:27 IST" name="teardonw" finished-at="2023-03-05T23:11:27 IST" duration-ms="231" status="PASS">
          <reporter-output>
          </reporter-output>
        </test-method> <!-- teardonw -->
      </class> <!-- com.demoshopqa.tests.AddToCartTest -->
      <class name="com.demoshopqa.tests.CartPageTest">
        <test-method is-config="true" signature="setup()[pri:0, instance:com.demoshopqa.tests.CartPageTest@61001b64]" started-at="2023-03-05T23:09:57 IST" name="setup" finished-at="2023-03-05T23:10:02 IST" duration-ms="4220" status="PASS">
          <reporter-output>
          </reporter-output>
        </test-method> <!-- setup -->
        <test-method signature="verifythePrice()[pri:0, instance:com.demoshopqa.tests.CartPageTest@61001b64]" started-at="2023-03-05T23:10:02 IST" name="verifythePrice" finished-at="2023-03-05T23:10:24 IST" duration-ms="22002" status="FAIL">
          <exception class="org.openqa.selenium.NoSuchElementException">
            <message>
              <![CDATA[no such element: Unable to locate element: {"method":"xpath","selector":"//tr[@class='cart_item']//td[5]//span//bdi"}
  (Session info: chrome=110.0.5481.178)
For documentation on this error, please visit: https://selenium.dev/exceptions/#no_such_element
Build info: version: '4.7.2', revision: '4d4020c3b7'
System info: os.name: 'Windows 11', os.arch: 'amd64', os.version: '10.0', java.version: '18.0.1'
Driver info: org.openqa.selenium.chrome.ChromeDriver
Command: [f2177ca0216b895dc8c9938400ff74e6, findElement {using=xpath, value=//tr[@class='cart_item']//td[5]//span//bdi}]
Capabilities {acceptInsecureCerts: false, browserName: chrome, browserVersion: 110.0.5481.178, chrome: {chromedriverVersion: 110.0.5481.77 (65ed616c6e8e..., userDataDir: C:\Users\NIKHIL~1\AppData\L...}, goog:chromeOptions: {debuggerAddress: localhost:50546}, networkConnectionEnabled: false, pageLoadStrategy: normal, platformName: WINDOWS, proxy: Proxy(), se:cdp: ws://localhost:50546/devtoo..., se:cdpVersion: 110.0.5481.178, setWindowRect: true, strictFileInteractability: false, timeouts: {implicit: 0, pageLoad: 300000, script: 30000}, unhandledPromptBehavior: dismiss and notify, webauthn:extension:credBlob: true, webauthn:extension:largeBlob: true, webauthn:virtualAuthenticators: true}
Session ID: f2177ca0216b895dc8c9938400ff74e6]]>
            </message>
            <full-stacktrace>
              <![CDATA[org.openqa.selenium.NoSuchElementException: no such element: Unable to locate element: {"method":"xpath","selector":"//tr[@class='cart_item']//td[5]//span//bdi"}
  (Session info: chrome=110.0.5481.178)
For documentation on this error, please visit: https://selenium.dev/exceptions/#no_such_element
Build info: version: '4.7.2', revision: '4d4020c3b7'
System info: os.name: 'Windows 11', os.arch: 'amd64', os.version: '10.0', java.version: '18.0.1'
Driver info: org.openqa.selenium.chrome.ChromeDriver
Command: [f2177ca0216b895dc8c9938400ff74e6, findElement {using=xpath, value=//tr[@class='cart_item']//td[5]//span//bdi}]
Capabilities {acceptInsecureCerts: false, browserName: chrome, browserVersion: 110.0.5481.178, chrome: {chromedriverVersion: 110.0.5481.77 (65ed616c6e8e..., userDataDir: C:\Users\NIKHIL~1\AppData\L...}, goog:chromeOptions: {debuggerAddress: localhost:50546}, networkConnectionEnabled: false, pageLoadStrategy: normal, platformName: WINDOWS, proxy: Proxy(), se:cdp: ws://localhost:50546/devtoo..., se:cdpVersion: 110.0.5481.178, setWindowRect: true, strictFileInteractability: false, timeouts: {implicit: 0, pageLoad: 300000, script: 30000}, unhandledPromptBehavior: dismiss and notify, webauthn:extension:credBlob: true, webauthn:extension:largeBlob: true, webauthn:virtualAuthenticators: true}
Session ID: f2177ca0216b895dc8c9938400ff74e6
at java.base/jdk.internal.reflect.DirectConstructorHandleAccessor.newInstance(DirectConstructorHandleAccessor.java:67)
at java.base/java.lang.reflect.Constructor.newInstanceWithCaller(Constructor.java:499)
at java.base/java.lang.reflect.Constructor.newInstance(Constructor.java:483)
at org.openqa.selenium.remote.codec.w3c.W3CHttpResponseCodec.createException(W3CHttpResponseCodec.java:200)
at org.openqa.selenium.remote.codec.w3c.W3CHttpResponseCodec.decode(W3CHttpResponseCodec.java:133)
at org.openqa.selenium.remote.codec.w3c.W3CHttpResponseCodec.decode(W3CHttpResponseCodec.java:53)
at org.openqa.selenium.remote.HttpCommandExecutor.execute(HttpCommandExecutor.java:184)
at org.openqa.selenium.remote.service.DriverCommandExecutor.invokeExecute(DriverCommandExecutor.java:167)
at org.openqa.selenium.remote.service.DriverCommandExecutor.execute(DriverCommandExecutor.java:142)
at org.openqa.selenium.remote.RemoteWebDriver.execute(RemoteWebDriver.java:535)
at org.openqa.selenium.remote.ElementLocation$ElementFinder$2.findElement(ElementLocation.java:162)
at org.openqa.selenium.remote.ElementLocation.findElement(ElementLocation.java:60)
at org.openqa.selenium.remote.RemoteWebDriver.findElement(RemoteWebDriver.java:351)
at org.openqa.selenium.remote.RemoteWebDriver.findElement(RemoteWebDriver.java:343)
at org.openqa.selenium.support.pagefactory.DefaultElementLocator.findElement(DefaultElementLocator.java:70)
at org.openqa.selenium.support.pagefactory.internal.LocatingElementHandler.invoke(LocatingElementHandler.java:39)
at jdk.proxy2/jdk.proxy2.$Proxy17.isDisplayed(Unknown Source)
at com.demoshopqa.pageObjects.CartPage.pricevalidation(CartPage.java:28)
at com.demoshopqa.tests.CartPageTest.verifythePrice(CartPageTest.java:47)
at java.base/jdk.internal.reflect.DirectMethodHandleAccessor.invoke(DirectMethodHandleAccessor.java:104)
at java.base/java.lang.reflect.Method.invoke(Method.java:577)
at org.testng.internal.MethodInvocationHelper.invokeMethod(MethodInvocationHelper.java:133)
at org.testng.internal.TestInvoker.invokeMethod(TestInvoker.java:598)
at org.testng.internal.TestInvoker.invokeTestMethod(TestInvoker.java:173)
at org.testng.internal.MethodRunner.runInSequence(MethodRunner.java:46)
at org.testng.internal.TestInvoker$MethodInvocationAgent.invoke(TestInvoker.java:824)
at org.testng.internal.TestInvoker.invokeTestMethods(TestInvoker.java:146)
at org.testng.internal.TestMethodWorker.invokeTestMethods(TestMethodWorker.java:146)
at org.testng.internal.TestMethodWorker.run(TestMethodWorker.java:128)
at java.base/java.util.ArrayList.forEach(ArrayList.java:1511)
at org.testng.TestRunner.privateRun(TestRunner.java:794)
at org.testng.TestRunner.run(TestRunner.java:596)
at org.testng.SuiteRunner.runTest(SuiteRunner.java:377)
at org.testng.SuiteRunner.runSequentially(SuiteRunner.java:371)
at org.testng.SuiteRunner.privateRun(SuiteRunner.java:332)
at org.testng.SuiteRunner.run(SuiteRunner.java:276)
at org.testng.SuiteRunnerWorker.runSuite(SuiteRunnerWorker.java:53)
at org.testng.SuiteRunnerWorker.run(SuiteRunnerWorker.java:96)
at org.testng.TestNG.runSuitesSequentially(TestNG.java:1212)
at org.testng.TestNG.runSuitesLocally(TestNG.java:1134)
at org.testng.TestNG.runSuites(TestNG.java:1063)
at org.testng.TestNG.run(TestNG.java:1031)
at org.testng.remote.AbstractRemoteTestNG.run(AbstractRemoteTestNG.java:115)
at org.testng.remote.RemoteTestNG.initAndRun(RemoteTestNG.java:251)
at org.testng.remote.RemoteTestNG.main(RemoteTestNG.java:77)
]]>
            </full-stacktrace>
          </exception> <!-- org.openqa.selenium.NoSuchElementException -->
          <reporter-output>
          </reporter-output>
        </test-method> <!-- verifythePrice -->
        <test-method is-config="true" signature="teardonw()[pri:0, instance:com.demoshopqa.tests.CartPageTest@61001b64]" started-at="2023-03-05T23:10:24 IST" name="teardonw" finished-at="2023-03-05T23:10:24 IST" duration-ms="189" status="PASS">
          <reporter-output>
          </reporter-output>
        </test-method> <!-- teardonw -->
        <test-method is-config="true" signature="setup()[pri:0, instance:com.demoshopqa.tests.CartPageTest@61001b64]" started-at="2023-03-05T23:10:24 IST" name="setup" finished-at="2023-03-05T23:10:31 IST" duration-ms="6763" status="PASS">
          <reporter-output>
          </reporter-output>
        </test-method> <!-- setup -->
        <test-method signature="verifytheSuccessfulcheckout()[pri:0, instance:com.demoshopqa.tests.CartPageTest@61001b64]" started-at="2023-03-05T23:10:31 IST" name="verifytheSuccessfulcheckout" finished-at="2023-03-05T23:10:53 IST" duration-ms="22043" status="FAIL">
          <exception class="org.openqa.selenium.NoSuchElementException">
            <message>
              <![CDATA[no such element: Unable to locate element: {"method":"xpath","selector":"//tr[@class='cart_item']//td[5]//span//bdi"}
  (Session info: chrome=110.0.5481.178)
For documentation on this error, please visit: https://selenium.dev/exceptions/#no_such_element
Build info: version: '4.7.2', revision: '4d4020c3b7'
System info: os.name: 'Windows 11', os.arch: 'amd64', os.version: '10.0', java.version: '18.0.1'
Driver info: org.openqa.selenium.chrome.ChromeDriver
Command: [37be31b5afbbdd33388afdfa728a10f2, findElement {using=xpath, value=//tr[@class='cart_item']//td[5]//span//bdi}]
Capabilities {acceptInsecureCerts: false, browserName: chrome, browserVersion: 110.0.5481.178, chrome: {chromedriverVersion: 110.0.5481.77 (65ed616c6e8e..., userDataDir: C:\Users\NIKHIL~1\AppData\L...}, goog:chromeOptions: {debuggerAddress: localhost:50572}, networkConnectionEnabled: false, pageLoadStrategy: normal, platformName: WINDOWS, proxy: Proxy(), se:cdp: ws://localhost:50572/devtoo..., se:cdpVersion: 110.0.5481.178, setWindowRect: true, strictFileInteractability: false, timeouts: {implicit: 0, pageLoad: 300000, script: 30000}, unhandledPromptBehavior: dismiss and notify, webauthn:extension:credBlob: true, webauthn:extension:largeBlob: true, webauthn:virtualAuthenticators: true}
Session ID: 37be31b5afbbdd33388afdfa728a10f2]]>
            </message>
            <full-stacktrace>
              <![CDATA[org.openqa.selenium.NoSuchElementException: no such element: Unable to locate element: {"method":"xpath","selector":"//tr[@class='cart_item']//td[5]//span//bdi"}
  (Session info: chrome=110.0.5481.178)
For documentation on this error, please visit: https://selenium.dev/exceptions/#no_such_element
Build info: version: '4.7.2', revision: '4d4020c3b7'
System info: os.name: 'Windows 11', os.arch: 'amd64', os.version: '10.0', java.version: '18.0.1'
Driver info: org.openqa.selenium.chrome.ChromeDriver
Command: [37be31b5afbbdd33388afdfa728a10f2, findElement {using=xpath, value=//tr[@class='cart_item']//td[5]//span//bdi}]
Capabilities {acceptInsecureCerts: false, browserName: chrome, browserVersion: 110.0.5481.178, chrome: {chromedriverVersion: 110.0.5481.77 (65ed616c6e8e..., userDataDir: C:\Users\NIKHIL~1\AppData\L...}, goog:chromeOptions: {debuggerAddress: localhost:50572}, networkConnectionEnabled: false, pageLoadStrategy: normal, platformName: WINDOWS, proxy: Proxy(), se:cdp: ws://localhost:50572/devtoo..., se:cdpVersion: 110.0.5481.178, setWindowRect: true, strictFileInteractability: false, timeouts: {implicit: 0, pageLoad: 300000, script: 30000}, unhandledPromptBehavior: dismiss and notify, webauthn:extension:credBlob: true, webauthn:extension:largeBlob: true, webauthn:virtualAuthenticators: true}
Session ID: 37be31b5afbbdd33388afdfa728a10f2
at java.base/jdk.internal.reflect.DirectConstructorHandleAccessor.newInstance(DirectConstructorHandleAccessor.java:67)
at java.base/java.lang.reflect.Constructor.newInstanceWithCaller(Constructor.java:499)
at java.base/java.lang.reflect.Constructor.newInstance(Constructor.java:483)
at org.openqa.selenium.remote.codec.w3c.W3CHttpResponseCodec.createException(W3CHttpResponseCodec.java:200)
at org.openqa.selenium.remote.codec.w3c.W3CHttpResponseCodec.decode(W3CHttpResponseCodec.java:133)
at org.openqa.selenium.remote.codec.w3c.W3CHttpResponseCodec.decode(W3CHttpResponseCodec.java:53)
at org.openqa.selenium.remote.HttpCommandExecutor.execute(HttpCommandExecutor.java:184)
at org.openqa.selenium.remote.service.DriverCommandExecutor.invokeExecute(DriverCommandExecutor.java:167)
at org.openqa.selenium.remote.service.DriverCommandExecutor.execute(DriverCommandExecutor.java:142)
at org.openqa.selenium.remote.RemoteWebDriver.execute(RemoteWebDriver.java:535)
at org.openqa.selenium.remote.ElementLocation$ElementFinder$2.findElement(ElementLocation.java:162)
at org.openqa.selenium.remote.ElementLocation.findElement(ElementLocation.java:60)
at org.openqa.selenium.remote.RemoteWebDriver.findElement(RemoteWebDriver.java:351)
at org.openqa.selenium.remote.RemoteWebDriver.findElement(RemoteWebDriver.java:343)
at org.openqa.selenium.support.pagefactory.DefaultElementLocator.findElement(DefaultElementLocator.java:70)
at org.openqa.selenium.support.pagefactory.internal.LocatingElementHandler.invoke(LocatingElementHandler.java:39)
at jdk.proxy2/jdk.proxy2.$Proxy17.isDisplayed(Unknown Source)
at com.demoshopqa.pageObjects.CartPage.pricevalidation(CartPage.java:28)
at com.demoshopqa.tests.CartPageTest.verifythePrice(CartPageTest.java:47)
at com.demoshopqa.tests.CartPageTest.verifytheSuccessfulcheckout(CartPageTest.java:53)
at java.base/jdk.internal.reflect.DirectMethodHandleAccessor.invoke(DirectMethodHandleAccessor.java:104)
at java.base/java.lang.reflect.Method.invoke(Method.java:577)
at org.testng.internal.MethodInvocationHelper.invokeMethod(MethodInvocationHelper.java:133)
at org.testng.internal.TestInvoker.invokeMethod(TestInvoker.java:598)
at org.testng.internal.TestInvoker.invokeTestMethod(TestInvoker.java:173)
at org.testng.internal.MethodRunner.runInSequence(MethodRunner.java:46)
at org.testng.internal.TestInvoker$MethodInvocationAgent.invoke(TestInvoker.java:824)
at org.testng.internal.TestInvoker.invokeTestMethods(TestInvoker.java:146)
at org.testng.internal.TestMethodWorker.invokeTestMethods(TestMethodWorker.java:146)
at org.testng.internal.TestMethodWorker.run(TestMethodWorker.java:128)
at java.base/java.util.ArrayList.forEach(ArrayList.java:1511)
at org.testng.TestRunner.privateRun(TestRunner.java:794)
at org.testng.TestRunner.run(TestRunner.java:596)
at org.testng.SuiteRunner.runTest(SuiteRunner.java:377)
at org.testng.SuiteRunner.runSequentially(SuiteRunner.java:371)
at org.testng.SuiteRunner.privateRun(SuiteRunner.java:332)
at org.testng.SuiteRunner.run(SuiteRunner.java:276)
at org.testng.SuiteRunnerWorker.runSuite(SuiteRunnerWorker.java:53)
at org.testng.SuiteRunnerWorker.run(SuiteRunnerWorker.java:96)
at org.testng.TestNG.runSuitesSequentially(TestNG.java:1212)
at org.testng.TestNG.runSuitesLocally(TestNG.java:1134)
at org.testng.TestNG.runSuites(TestNG.java:1063)
at org.testng.TestNG.run(TestNG.java:1031)
at org.testng.remote.AbstractRemoteTestNG.run(AbstractRemoteTestNG.java:115)
at org.testng.remote.RemoteTestNG.initAndRun(RemoteTestNG.java:251)
at org.testng.remote.RemoteTestNG.main(RemoteTestNG.java:77)
]]>
            </full-stacktrace>
          </exception> <!-- org.openqa.selenium.NoSuchElementException -->
          <reporter-output>
          </reporter-output>
        </test-method> <!-- verifytheSuccessfulcheckout -->
        <test-method is-config="true" signature="teardonw()[pri:0, instance:com.demoshopqa.tests.CartPageTest@61001b64]" started-at="2023-03-05T23:10:53 IST" name="teardonw" finished-at="2023-03-05T23:10:53 IST" duration-ms="189" status="PASS">
          <reporter-output>
          </reporter-output>
        </test-method> <!-- teardonw -->
      </class> <!-- com.demoshopqa.tests.CartPageTest -->
      <class name="com.demoshopqa.tests.CheckoutPageTest">
        <test-method is-config="true" signature="setup()[pri:0, instance:com.demoshopqa.tests.CheckoutPageTest@47e2e487]" started-at="2023-03-05T23:09:26 IST" name="setup" finished-at="2023-03-05T23:09:30 IST" duration-ms="4113" status="PASS">
          <reporter-output>
          </reporter-output>
        </test-method> <!-- setup -->
        <test-method signature="VerifyTheCheckout()[pri:0, instance:com.demoshopqa.tests.CheckoutPageTest@47e2e487]" started-at="2023-03-05T23:09:30 IST" name="VerifyTheCheckout" finished-at="2023-03-05T23:09:50 IST" duration-ms="19343" status="PASS">
          <reporter-output>
          </reporter-output>
        </test-method> <!-- VerifyTheCheckout -->
        <test-method is-config="true" signature="teardonw()[pri:0, instance:com.demoshopqa.tests.CheckoutPageTest@47e2e487]" started-at="2023-03-05T23:09:50 IST" name="teardonw" finished-at="2023-03-05T23:09:50 IST" duration-ms="198" status="PASS">
          <reporter-output>
          </reporter-output>
        </test-method> <!-- teardonw -->
      </class> <!-- com.demoshopqa.tests.CheckoutPageTest -->
      <class name="com.demoshopqa.tests.LoginPageTest">
        <test-method is-config="true" signature="setup()[pri:0, instance:com.demoshopqa.tests.LoginPageTest@201a4587]" started-at="2023-03-05T23:09:50 IST" name="setup" finished-at="2023-03-05T23:09:54 IST" duration-ms="4093" status="PASS">
          <reporter-output>
          </reporter-output>
        </test-method> <!-- setup -->
        <test-method signature="verifyLogin()[pri:0, instance:com.demoshopqa.tests.LoginPageTest@201a4587]" started-at="2023-03-05T23:09:54 IST" name="verifyLogin" finished-at="2023-03-05T23:09:57 IST" duration-ms="3338" status="PASS">
          <reporter-output>
          </reporter-output>
        </test-method> <!-- verifyLogin -->
        <test-method is-config="true" signature="teardonw()[pri:0, instance:com.demoshopqa.tests.LoginPageTest@201a4587]" started-at="2023-03-05T23:09:57 IST" name="teardonw" finished-at="2023-03-05T23:09:57 IST" duration-ms="158" status="PASS">
          <reporter-output>
          </reporter-output>
        </test-method> <!-- teardonw -->
      </class> <!-- com.demoshopqa.tests.LoginPageTest -->
      <class name="com.demoshopqa.tests.HomePageTest">
        <test-method is-config="true" signature="setup()[pri:0, instance:com.demoshopqa.tests.HomePageTest@4310d43]" started-at="2023-03-05T23:10:53 IST" name="setup" finished-at="2023-03-05T23:10:57 IST" duration-ms="3787" status="PASS">
          <reporter-output>
          </reporter-output>
        </test-method> <!-- setup -->
        <test-method signature="verifythaddress()[pri:0, instance:com.demoshopqa.tests.HomePageTest@4310d43]" started-at="2023-03-05T23:10:57 IST" name="verifythaddress" finished-at="2023-03-05T23:11:01 IST" duration-ms="4242" status="PASS">
          <reporter-output>
          </reporter-output>
        </test-method> <!-- verifythaddress -->
        <test-method is-config="true" signature="teardonw()[pri:0, instance:com.demoshopqa.tests.HomePageTest@4310d43]" started-at="2023-03-05T23:11:01 IST" name="teardonw" finished-at="2023-03-05T23:11:01 IST" duration-ms="178" status="PASS">
          <reporter-output>
          </reporter-output>
        </test-method> <!-- teardonw -->
        <test-method is-config="true" signature="setup()[pri:0, instance:com.demoshopqa.tests.HomePageTest@4310d43]" started-at="2023-03-05T23:11:01 IST" name="setup" finished-at="2023-03-05T23:11:06 IST" duration-ms="4345" status="PASS">
          <reporter-output>
          </reporter-output>
        </test-method> <!-- setup -->
        <test-method signature="verifytheorder()[pri:0, instance:com.demoshopqa.tests.HomePageTest@4310d43]" started-at="2023-03-05T23:11:06 IST" name="verifytheorder" finished-at="2023-03-05T23:11:11 IST" duration-ms="5061" status="FAIL">
          <exception class="java.lang.AssertionError">
            <message>
              <![CDATA[expected [true] but found [false]]]>
            </message>
            <full-stacktrace>
              <![CDATA[java.lang.AssertionError: expected [true] but found [false]
at org.testng.Assert.fail(Assert.java:99)
at org.testng.Assert.failNotEquals(Assert.java:1037)
at org.testng.Assert.assertTrue(Assert.java:45)
at org.testng.Assert.assertTrue(Assert.java:55)
at com.demoshopqa.tests.HomePageTest.verifytheorder(HomePageTest.java:45)
at java.base/jdk.internal.reflect.DirectMethodHandleAccessor.invoke(DirectMethodHandleAccessor.java:104)
at java.base/java.lang.reflect.Method.invoke(Method.java:577)
at org.testng.internal.MethodInvocationHelper.invokeMethod(MethodInvocationHelper.java:133)
at org.testng.internal.TestInvoker.invokeMethod(TestInvoker.java:598)
at org.testng.internal.TestInvoker.invokeTestMethod(TestInvoker.java:173)
at org.testng.internal.MethodRunner.runInSequence(MethodRunner.java:46)
at org.testng.internal.TestInvoker$MethodInvocationAgent.invoke(TestInvoker.java:824)
at org.testng.internal.TestInvoker.invokeTestMethods(TestInvoker.java:146)
at org.testng.internal.TestMethodWorker.invokeTestMethods(TestMethodWorker.java:146)
at org.testng.internal.TestMethodWorker.run(TestMethodWorker.java:128)
at java.base/java.util.ArrayList.forEach(ArrayList.java:1511)
at org.testng.TestRunner.privateRun(TestRunner.java:794)
at org.testng.TestRunner.run(TestRunner.java:596)
at org.testng.SuiteRunner.runTest(SuiteRunner.java:377)
at org.testng.SuiteRunner.runSequentially(SuiteRunner.java:371)
at org.testng.SuiteRunner.privateRun(SuiteRunner.java:332)
at org.testng.SuiteRunner.run(SuiteRunner.java:276)
at org.testng.SuiteRunnerWorker.runSuite(SuiteRunnerWorker.java:53)
at org.testng.SuiteRunnerWorker.run(SuiteRunnerWorker.java:96)
at org.testng.TestNG.runSuitesSequentially(TestNG.java:1212)
at org.testng.TestNG.runSuitesLocally(TestNG.java:1134)
at org.testng.TestNG.runSuites(TestNG.java:1063)
at org.testng.TestNG.run(TestNG.java:1031)
at org.testng.remote.AbstractRemoteTestNG.run(AbstractRemoteTestNG.java:115)
at org.testng.remote.RemoteTestNG.initAndRun(RemoteTestNG.java:251)
at org.testng.remote.RemoteTestNG.main(RemoteTestNG.java:77)
]]>
            </full-stacktrace>
          </exception> <!-- java.lang.AssertionError -->
          <reporter-output>
          </reporter-output>
        </test-method> <!-- verifytheorder -->
        <test-method is-config="true" signature="teardonw()[pri:0, instance:com.demoshopqa.tests.HomePageTest@4310d43]" started-at="2023-03-05T23:11:11 IST" name="teardonw" finished-at="2023-03-05T23:11:11 IST" duration-ms="159" status="PASS">
          <reporter-output>
          </reporter-output>
        </test-method> <!-- teardonw -->
      </class> <!-- com.demoshopqa.tests.HomePageTest -->
      <class name="com.demoshopqa.tests.OnboardingTest">
        <test-method is-config="true" signature="loadConfig()[pri:0, instance:com.demoshopqa.tests.OnboardingTest@290222c1]" started-at="2023-03-05T23:09:19 IST" name="loadConfig" finished-at="2023-03-05T23:09:19 IST" duration-ms="7" status="PASS">
          <reporter-output>
          </reporter-output>
        </test-method> <!-- loadConfig -->
        <test-method is-config="true" signature="setup()[pri:0, instance:com.demoshopqa.tests.OnboardingTest@290222c1]" started-at="2023-03-05T23:09:19 IST" name="setup" finished-at="2023-03-05T23:09:24 IST" duration-ms="5124" status="PASS">
          <reporter-output>
          </reporter-output>
        </test-method> <!-- setup -->
        <test-method signature="verifyNewOnboarding()[pri:0, instance:com.demoshopqa.tests.OnboardingTest@290222c1]" started-at="2023-03-05T23:09:24 IST" name="verifyNewOnboarding" finished-at="2023-03-05T23:09:26 IST" duration-ms="2001" status="PASS">
          <reporter-output>
          </reporter-output>
        </test-method> <!-- verifyNewOnboarding -->
        <test-method is-config="true" signature="teardonw()[pri:0, instance:com.demoshopqa.tests.OnboardingTest@290222c1]" started-at="2023-03-05T23:09:26 IST" name="teardonw" finished-at="2023-03-05T23:09:26 IST" duration-ms="188" status="PASS">
          <reporter-output>
          </reporter-output>
        </test-method> <!-- teardonw -->
      </class> <!-- com.demoshopqa.tests.OnboardingTest -->
      <class name="com.demoshopqa.tests.IndexPageTest">
        <test-method is-config="true" signature="setup()[pri:0, instance:com.demoshopqa.tests.IndexPageTest@26e356f0]" started-at="2023-03-05T23:11:27 IST" name="setup" finished-at="2023-03-05T23:11:31 IST" duration-ms="4150" status="PASS">
          <reporter-output>
          </reporter-output>
        </test-method> <!-- setup -->
        <test-method signature="verifylogo()[pri:0, instance:com.demoshopqa.tests.IndexPageTest@26e356f0]" started-at="2023-03-05T23:11:31 IST" name="verifylogo" finished-at="2023-03-05T23:11:31 IST" duration-ms="46" status="PASS">
          <reporter-output>
          </reporter-output>
        </test-method> <!-- verifylogo -->
        <test-method is-config="true" signature="teardonw()[pri:0, instance:com.demoshopqa.tests.IndexPageTest@26e356f0]" started-at="2023-03-05T23:11:31 IST" name="teardonw" finished-at="2023-03-05T23:11:31 IST" duration-ms="139" status="PASS">
          <reporter-output>
          </reporter-output>
        </test-method> <!-- teardonw -->
        <test-method is-config="true" signature="setup()[pri:0, instance:com.demoshopqa.tests.IndexPageTest@26e356f0]" started-at="2023-03-05T23:11:31 IST" name="setup" finished-at="2023-03-05T23:11:35 IST" duration-ms="3955" status="PASS">
          <reporter-output>
          </reporter-output>
        </test-method> <!-- setup -->
        <test-method signature="verifytitle()[pri:0, instance:com.demoshopqa.tests.IndexPageTest@26e356f0]" started-at="2023-03-05T23:11:35 IST" name="verifytitle" finished-at="2023-03-05T23:11:35 IST" duration-ms="4" status="PASS">
          <reporter-output>
          </reporter-output>
        </test-method> <!-- verifytitle -->
        <test-method is-config="true" signature="teardonw()[pri:0, instance:com.demoshopqa.tests.IndexPageTest@26e356f0]" started-at="2023-03-05T23:11:35 IST" name="teardonw" finished-at="2023-03-05T23:11:35 IST" duration-ms="123" status="PASS">
          <reporter-output>
          </reporter-output>
        </test-method> <!-- teardonw -->
      </class> <!-- com.demoshopqa.tests.IndexPageTest -->
      <class name="com.demoshopqa.tests.SearchResultTest">
        <test-method is-config="true" signature="setup()[pri:0, instance:com.demoshopqa.tests.SearchResultTest@47d9a273]" started-at="2023-03-05T23:11:35 IST" name="setup" finished-at="2023-03-05T23:11:39 IST" duration-ms="4075" status="PASS">
          <reporter-output>
          </reporter-output>
        </test-method> <!-- setup -->
        <test-method signature="VerifytheAvailablityofProd()[pri:0, instance:com.demoshopqa.tests.SearchResultTest@47d9a273]" started-at="2023-03-05T23:11:39 IST" name="VerifytheAvailablityofProd" finished-at="2023-03-05T23:11:40 IST" duration-ms="962" status="PASS">
          <reporter-output>
          </reporter-output>
        </test-method> <!-- VerifytheAvailablityofProd -->
        <test-method is-config="true" signature="teardonw()[pri:0, instance:com.demoshopqa.tests.SearchResultTest@47d9a273]" started-at="2023-03-05T23:11:40 IST" name="teardonw" finished-at="2023-03-05T23:11:40 IST" duration-ms="124" status="PASS">
          <reporter-output>
          </reporter-output>
        </test-method> <!-- teardonw -->
      </class> <!-- com.demoshopqa.tests.SearchResultTest -->
    </test> <!-- Test -->
  </suite> <!-- Suite -->
</testng-results>
